<?xml version="1.0" encoding="UTF-8"?>
<testsuite xmlns:xsi="http://www.w3.org/2001/XMLSchema-instance" xsi:noNamespaceSchemaLocation="https://maven.apache.org/surefire/maven-surefire-plugin/xsd/surefire-test-report-3.0.xsd" version="3.0" name="com.trybe.idadeemdias.PessoaTest" time="0.023" tests="4" errors="0" skipped="0" failures="0">
  <properties>
[...]
</properties>
  <testcase name="1 - Escreva uma classe com o nome Pessoa" classname="com.trybe.idadeemdias.PessoaTest" time="0.011"/>
  <testcase name="2 - Escreva um método que calcule a idade de Pessoa em dias" classname="com.trybe.idadeemdias.PessoaTest" time="0"/>
  <testcase name="3 - Faça com que o cálculo da idade retorne um valor do tipo inteiro" classname="com.trybe.idadeemdias.PessoaTest" time="0.001"/>
  <testcase name="4 - Faça com que o programa retorne a saída esperada" classname="com.trybe.idadeemdias.PessoaTest" time="0"/>
</testsuite>