<?xml version="1.0" encoding="UTF-8"?>
<testsuite xmlns:xsi="http://www.w3.org/2001/XMLSchema-instance" xsi:noNamespaceSchemaLocation="https://maven.apache.org/surefire/maven-surefire-plugin/xsd/surefire-test-report-3.0.xsd" version="3.0" name="com.trybe.simuladordepix.ControladorDePixTest" time="0.028" tests="7" errors="0" skipped="0" failures="0">
  <properties>
[...]
</properties>
  <testcase name="Mensagem de chave não encontrada deve ser exibida corretamente" classname="com.trybe.simuladordepix.ControladorDePixTest" time="0.02"/>
  <testcase name="Mensagem de erro interno deve ser exibida corretamente" classname="com.trybe.simuladordepix.ControladorDePixTest" time="0"/>
  <testcase name="Mensagem de saldo insuficiente deve ser exibida corretamente" classname="com.trybe.simuladordepix.ControladorDePixTest" time="0.001"/>
  <testcase name="Mensagem de erro de conexão deve ser exibida corretamente" classname="com.trybe.simuladordepix.ControladorDePixTest" time="0.001"/>
  <testcase name="Mensagem de valor não positivo deve ser exibida corretamente" classname="com.trybe.simuladordepix.ControladorDePixTest" time="0.001"/>
  <testcase name="Mensagem de sucesso deve ser exibida corretamente" classname="com.trybe.simuladordepix.ControladorDePixTest" time="0"/>
  <testcase name="Mensagem de chave em branco deve ser exibida corretamente" classname="com.trybe.simuladordepix.ControladorDePixTest" time="0"/>
</testsuite>