<?xml version="1.0" encoding="UTF-8"?>
<testsuite xmlns:xsi="http://www.w3.org/2001/XMLSchema-instance" xsi:noNamespaceSchemaLocation="https://maven.apache.org/surefire/maven-surefire-plugin/xsd/surefire-test-report-3.0.xsd" version="3.0" name="com.trybe.simuladordepix.ProcessadorDePixTest" time="0.375" tests="11" errors="0" skipped="0" failures="0">
  <properties>
[...]
</properties>
  <testcase name="IOExceptions ao abrir conexão devem ser propagadas" classname="com.trybe.simuladordepix.ProcessadorDePixTest" time="0.335"/>
  <testcase name="A conexão deve ser fechada após o sucesso da operação" classname="com.trybe.simuladordepix.ProcessadorDePixTest" time="0.014"/>
  <testcase name="Exceção customizada deve ser lançada em caso de chave não encontrada" classname="com.trybe.simuladordepix.ProcessadorDePixTest" time="0.001"/>
  <testcase name="Exceção customizada deve ser lançada caso o valor seja negativo" classname="com.trybe.simuladordepix.ProcessadorDePixTest" time="0.001"/>
  <testcase name="Exceção customizada deve ser lançada caso a chave esteja em branco" classname="com.trybe.simuladordepix.ProcessadorDePixTest" time="0.001"/>
  <testcase name="A conexão deve ser fechada mesmo em caso de erro" classname="com.trybe.simuladordepix.ProcessadorDePixTest" time="0.003"/>
  <testcase name="Exceção customizada deve ser lançada em caso de saldo insuficiente" classname="com.trybe.simuladordepix.ProcessadorDePixTest" time="0.002"/>
  <testcase name="IOExceptions ao enviar devem ser propagadas" classname="com.trybe.simuladordepix.ProcessadorDePixTest" time="0.001"/>
  <testcase name="Pix válido deve ser realizado com sucesso" classname="com.trybe.simuladordepix.ProcessadorDePixTest" time="0.001"/>
  <testcase name="Exceção customizada deve ser lançada caso o valor seja igual a zero" classname="com.trybe.simuladordepix.ProcessadorDePixTest" time="0.001"/>
  <testcase name="Exceção customizada deve ser lançada em caso de erro interno" classname="com.trybe.simuladordepix.ProcessadorDePixTest" time="0.002"/>
</testsuite>