<?xml version="1.0" encoding="UTF-8"?>
<testsuite xmlns:xsi="http://www.w3.org/2001/XMLSchema-instance" xsi:noNamespaceSchemaLocation="https://maven.apache.org/surefire/maven-surefire-plugin/xsd/surefire-test-report-3.0.xsd" version="3.0" name="com.trybe.acc.java.sistemarh.PessoaColaboradoraTest" time="0.046" tests="4" errors="0" skipped="0" failures="0">
  <properties>
[...]
</properties>
  <testcase name="Testa o valor do imposto ao longo de x anos" classname="com.trybe.acc.java.sistemarh.PessoaColaboradoraTest" time="0.03"/>
  <testcase name="T" classname="com.trybe.acc.java.sistemarh.PessoaColaboradoraTest" time="0"/>
  <testcase name="Testa o salário líquido anual ao longo de x anos" classname="com.trybe.acc.java.sistemarh.PessoaColaboradoraTest" time="0.001"/>
  <testcase name="Testa se a função obtem o salário liquido corretamente" classname="com.trybe.acc.java.sistemarh.PessoaColaboradoraTest" time="0.002"/>
</testsuite>